


ARM Macro Assembler    Page 1 


    1 00000000                 AREA             RESET, DATA, READONLY
    2 00000000                 EXPORT           __Vectors
    3 00000000         
    4 00000000         __Vectors
    5 00000000 10001000        DCD              0x10001000
    6 00000004 00000000        DCD              Reset_Handler
    7 00000008         
    8 00000008                 ALIGN
    9 00000008         
   10 00000008                 AREA             mycode, CODE, READONLY ; readon
                                                            ly when code : in r
                                                            am, or code memory
   11 00000000                 ENTRY
   12 00000000                 EXPORT           Reset_Handler
   13 00000000         
   14 00000000         Reset_Handler
   15 00000000 F04F 0904       mov              r9, #4
   16 00000004 4807            ldr              r0, =SRC
   17 00000006 4A08            ldr              r2, =DST
   18 00000008 F04F 0501       mov              r5, #0x1
   19 0000000C         
   20 0000000C         
   21 0000000C         loop
   22 0000000C F8C0 9000       str              r9, [r0]
   23 00000010         
   24 00000010 F850 1B04       ldr              r1, [r0], #4
   25 00000014 F842 1B04       str              r1, [r2], #4
   26 00000018 F1B9 0901       subs             r9, #1
   27 0000001C F1B9 0F00       cmp              r9, #0
   28 00000020 D1F4            bne              loop
   29 00000022         
   30 00000022         STOP
   31 00000022 E7FE            B                STOP
   32 00000024         
   33 00000024         
   34 00000024 00000000 
              00000000         AREA             mydata, DATA, READWRITE
   35 00000000 00000000 
                       SRC     DCD              0
   36 00000004 00000000 
                       DST     DCD              0
   37 00000008         
   38 00000008                 END
Command Line: --debug --xref --cpu=Cortex-M3 --apcs=interwork --depend=arm_code
.d -oarm_code.o -IC:\Keil\ARM\RV31\INC -IC:\Keil\ARM\CMSIS\Include -IC:\Keil\AR
M\Inc\NXP\LPC17xx --predefine="__EVAL SETA 1" --list=arm_code.lst arm_code.s



ARM Macro Assembler    Page 1 Alphabetic symbol ordering
Relocatable symbols

RESET 00000000

Symbol: RESET
   Definitions
      At line 1 in file arm_code.s
   Uses
      None
Comment: RESET unused
__Vectors 00000000

Symbol: __Vectors
   Definitions
      At line 4 in file arm_code.s
   Uses
      At line 2 in file arm_code.s
Comment: __Vectors used once
2 symbols



ARM Macro Assembler    Page 1 Alphabetic symbol ordering
Relocatable symbols

Reset_Handler 00000000

Symbol: Reset_Handler
   Definitions
      At line 14 in file arm_code.s
   Uses
      At line 6 in file arm_code.s
      At line 12 in file arm_code.s

STOP 00000022

Symbol: STOP
   Definitions
      At line 30 in file arm_code.s
   Uses
      At line 31 in file arm_code.s
Comment: STOP used once
loop 0000000C

Symbol: loop
   Definitions
      At line 21 in file arm_code.s
   Uses
      At line 28 in file arm_code.s
Comment: loop used once
mycode 00000000

Symbol: mycode
   Definitions
      At line 10 in file arm_code.s
   Uses
      None
Comment: mycode unused
4 symbols



ARM Macro Assembler    Page 1 Alphabetic symbol ordering
Relocatable symbols

DST 00000004

Symbol: DST
   Definitions
      At line 36 in file arm_code.s
   Uses
      At line 17 in file arm_code.s
Comment: DST used once
SRC 00000000

Symbol: SRC
   Definitions
      At line 35 in file arm_code.s
   Uses
      At line 16 in file arm_code.s
Comment: SRC used once
mydata 00000000

Symbol: mydata
   Definitions
      At line 34 in file arm_code.s
   Uses
      None
Comment: mydata unused
3 symbols
342 symbols in table
